app/build/intermediates/manifest_merge_blame_file/debug/manifest-merger-blame-debug-report.txt
1<?xml version="1.0" encoding="utf-8"?>
2<manifest xmlns:android="http://schemas.android.com/apk/res/android"
3    package="com.example.peopleprotector"
4    android:versionCode="1"
5    android:versionName="1.0" >
6
7    <uses-sdk
8        android:minSdkVersion="21"
8-->src/main/AndroidManifest.xml
9        android:targetSdkVersion="29" />
9-->src/main/AndroidManifest.xml
10
11    <uses-permission android:name="android.permission.WRITE_EXTERNAL_STORAGE" />
11-->src/main/AndroidManifest.xml:5:5-81
11-->src/main/AndroidManifest.xml:5:22-78
12    <uses-permission android:name="android.permission.RECORD_AUDIO" />
12-->src/main/AndroidManifest.xml:6:5-71
12-->src/main/AndroidManifest.xml:6:22-68
13    <uses-permission android:name="android.permission.INTERNET" />
13-->src/main/AndroidManifest.xml:7:5-67
13-->src/main/AndroidManifest.xml:7:22-64
14    <uses-permission android:name="android.permission.ACCESS_BACKGROUND_LOCATION" />
14-->src/main/AndroidManifest.xml:8:5-85
14-->src/main/AndroidManifest.xml:8:22-82
15    <uses-permission android:name="android.permission.ACCESS_COARSE_LOCATION" />
15-->src/main/AndroidManifest.xml:9:5-81
15-->src/main/AndroidManifest.xml:9:22-78
16    <uses-permission android:name="android.permission.ACCESS_FINE_LOCATION" />
16-->src/main/AndroidManifest.xml:10:5-79
16-->src/main/AndroidManifest.xml:10:22-76
17    <uses-permission android:name="android.permission.WAKE_LOCK" />
17-->[androidx.work:work-runtime:2.5.0] AndroidManifest.xml:25:5-68
17-->[androidx.work:work-runtime:2.5.0] AndroidManifest.xml:25:22-65
18    <uses-permission android:name="android.permission.ACCESS_NETWORK_STATE" />
18-->[androidx.work:work-runtime:2.5.0] AndroidManifest.xml:26:5-79
18-->[androidx.work:work-runtime:2.5.0] AndroidManifest.xml:26:22-76
19    <uses-permission android:name="android.permission.RECEIVE_BOOT_COMPLETED" />
19-->[androidx.work:work-runtime:2.5.0] AndroidManifest.xml:27:5-81
19-->[androidx.work:work-runtime:2.5.0] AndroidManifest.xml:27:22-78
20    <uses-permission android:name="android.permission.FOREGROUND_SERVICE" /> <!-- Required by older versions of Google Play services to create IID tokens -->
20-->[androidx.work:work-runtime:2.5.0] AndroidManifest.xml:28:5-77
20-->[androidx.work:work-runtime:2.5.0] AndroidManifest.xml:28:22-74
21    <uses-permission android:name="com.google.android.c2dm.permission.RECEIVE" />
21-->[com.google.firebase:firebase-iid:21.0.1] AndroidManifest.xml:26:5-82
21-->[com.google.firebase:firebase-iid:21.0.1] AndroidManifest.xml:26:22-79
22    <uses-permission android:name="com.google.android.finsky.permission.BIND_GET_INSTALL_REFERRER_SERVICE" />
22-->[com.google.android.gms:play-services-measurement:18.0.2] AndroidManifest.xml:26:5-110
22-->[com.google.android.gms:play-services-measurement:18.0.2] AndroidManifest.xml:26:22-107
23
24    <application
24-->src/main/AndroidManifest.xml:12:5-65:19
25        android:allowBackup="true"
25-->src/main/AndroidManifest.xml:13:9-35
26        android:appComponentFactory="androidx.core.app.CoreComponentFactory"
26-->[androidx.core:core:1.3.2] AndroidManifest.xml:24:18-86
27        android:debuggable="true"
28        android:icon="@mipmap/ic_launcher"
28-->src/main/AndroidManifest.xml:14:9-43
29        android:label="@string/app_name"
29-->src/main/AndroidManifest.xml:15:9-41
30        android:roundIcon="@mipmap/ic_launcher_round"
30-->src/main/AndroidManifest.xml:16:9-54
31        android:supportsRtl="true"
31-->src/main/AndroidManifest.xml:17:9-35
32        android:testOnly="true"
33        android:theme="@style/Theme.PeopleProtector" >
33-->src/main/AndroidManifest.xml:18:9-53
34        <activity android:name="com.example.peopleprotector.MoveToMap" />
34-->src/main/AndroidManifest.xml:19:9-56
34-->src/main/AndroidManifest.xml:19:19-44
35        <activity
35-->src/main/AndroidManifest.xml:20:9-22:20
36            android:name="com.example.peopleprotector.settings"
36-->src/main/AndroidManifest.xml:20:19-43
37            android:windowSoftInputMode="adjustPan|stateHidden" >
37-->src/main/AndroidManifest.xml:21:13-64
38        </activity>
39        <activity android:name="com.example.peopleprotector.SignUp" />
39-->src/main/AndroidManifest.xml:23:9-44
39-->src/main/AndroidManifest.xml:23:19-41
40        <activity android:name="com.example.peopleprotector.MainActivity" />
40-->src/main/AndroidManifest.xml:24:9-50
40-->src/main/AndroidManifest.xml:24:19-47
41        <activity android:name="com.example.peopleprotector.SpeechToText" />
41-->src/main/AndroidManifest.xml:25:9-50
41-->src/main/AndroidManifest.xml:25:19-47
42        <activity android:name="com.example.peopleprotector.AmberMode" />
42-->src/main/AndroidManifest.xml:26:9-47
42-->src/main/AndroidManifest.xml:26:19-44
43        <activity android:name="com.example.peopleprotector.Timer" />
43-->src/main/AndroidManifest.xml:27:9-43
43-->src/main/AndroidManifest.xml:27:19-40
44        <activity android:name="com.example.peopleprotector.Timer_temp" />
44-->src/main/AndroidManifest.xml:28:9-48
44-->src/main/AndroidManifest.xml:28:19-45
45        <activity android:name="com.example.peopleprotector.StartPage" >
45-->src/main/AndroidManifest.xml:29:9-35:20
45-->src/main/AndroidManifest.xml:29:19-44
46            <intent-filter>
46-->src/main/AndroidManifest.xml:30:13-34:29
47                <action android:name="android.intent.action.MAIN" />
47-->src/main/AndroidManifest.xml:31:17-69
47-->src/main/AndroidManifest.xml:31:25-66
48
49                <category android:name="android.intent.category.LAUNCHER" />
49-->src/main/AndroidManifest.xml:33:17-77
49-->src/main/AndroidManifest.xml:33:27-74
50            </intent-filter>
51        </activity>
52
53        <service
53-->src/main/AndroidManifest.xml:37:9-44:19
54            android:name="com.example.peopleprotector.MyFirebaseMessagingService"
54-->src/main/AndroidManifest.xml:38:13-55
55            android:exported="false"
55-->src/main/AndroidManifest.xml:39:13-37
56            android:permission="com.google.android.c2dm.permission.SEND" >
56-->src/main/AndroidManifest.xml:40:13-73
57            <intent-filter>
57-->src/main/AndroidManifest.xml:41:13-43:29
58                <action android:name="com.google.firebase.MESSAGING_EVENT" />
58-->src/main/AndroidManifest.xml:42:17-78
58-->src/main/AndroidManifest.xml:42:25-75
59            </intent-filter>
60        </service>
61        <service
61-->src/main/AndroidManifest.xml:45:9-50:19
62            android:name="com.example.peopleprotector.MainActivity"
62-->src/main/AndroidManifest.xml:46:13-41
63            android:foregroundServiceType="location" >
63-->src/main/AndroidManifest.xml:47:13-53
64
65            <!-- Any inner elements would go here. -->
66        </service>
67        <!--
68 Set custom default icon. This is used when no icon is set for incoming notification messages.
69     See README(https://goo.gl/l4GJaQ) for more.
70        -->
71        <meta-data
71-->src/main/AndroidManifest.xml:55:9-57:68
72            android:name="com.google.firebase.messaging.default_notification_icon"
72-->src/main/AndroidManifest.xml:56:13-83
73            android:resource="@drawable/ic_stat_ic_notification" />
73-->src/main/AndroidManifest.xml:57:13-65
74        <!--
75 Set color used with incoming notification messages. This is used when no color is set for the incoming
76             notification message. See README(https://goo.gl/6BKBk7) for more.
77        -->
78        <meta-data
78-->src/main/AndroidManifest.xml:62:9-64:54
79            android:name="com.google.firebase.messaging.default_notification_color"
79-->src/main/AndroidManifest.xml:63:13-84
80            android:resource="@color/primaryColor" />
80-->src/main/AndroidManifest.xml:64:13-51
81
82        <service
82-->[com.google.firebase:firebase-analytics-ktx:18.0.2] AndroidManifest.xml:8:9-14:19
83            android:name="com.google.firebase.components.ComponentDiscoveryService"
83-->[com.google.firebase:firebase-analytics-ktx:18.0.2] AndroidManifest.xml:9:13-84
84            android:directBootAware="true"
84-->[com.google.firebase:firebase-common:19.5.0] AndroidManifest.xml:35:13-43
85            android:exported="false" >
85-->[com.google.firebase:firebase-analytics-ktx:18.0.2] AndroidManifest.xml:10:13-37
86            <meta-data
86-->[com.google.firebase:firebase-analytics-ktx:18.0.2] AndroidManifest.xml:11:13-13:85
87                android:name="com.google.firebase.components:com.google.firebase.analytics.ktx.FirebaseAnalyticsKtxRegistrar"
87-->[com.google.firebase:firebase-analytics-ktx:18.0.2] AndroidManifest.xml:12:17-126
88                android:value="com.google.firebase.components.ComponentRegistrar" />
88-->[com.google.firebase:firebase-analytics-ktx:18.0.2] AndroidManifest.xml:13:17-82
89            <meta-data
89-->[com.google.firebase:firebase-firestore-ktx:22.1.1] AndroidManifest.xml:15:13-17:85
90                android:name="com.google.firebase.components:com.google.firebase.firestore.ktx.FirebaseFirestoreKtxRegistrar"
90-->[com.google.firebase:firebase-firestore-ktx:22.1.1] AndroidManifest.xml:16:17-126
91                android:value="com.google.firebase.components.ComponentRegistrar" />
91-->[com.google.firebase:firebase-firestore-ktx:22.1.1] AndroidManifest.xml:17:17-82
92            <meta-data
92-->[com.google.firebase:firebase-auth-ktx:20.0.3] AndroidManifest.xml:11:13-13:85
93                android:name="com.google.firebase.components:com.google.firebase.auth.ktx.FirebaseAuthKtxRegistrar"
93-->[com.google.firebase:firebase-auth-ktx:20.0.3] AndroidManifest.xml:12:17-116
94                android:value="com.google.firebase.components.ComponentRegistrar" />
94-->[com.google.firebase:firebase-auth-ktx:20.0.3] AndroidManifest.xml:13:17-82
95            <meta-data
95-->[com.google.firebase:firebase-messaging-ktx:21.0.1] AndroidManifest.xml:29:13-31:85
96                android:name="com.google.firebase.components:com.google.firebase.messaging.ktx.FirebaseMessagingKtxRegistrar"
96-->[com.google.firebase:firebase-messaging-ktx:21.0.1] AndroidManifest.xml:30:17-126
97                android:value="com.google.firebase.components.ComponentRegistrar" />
97-->[com.google.firebase:firebase-messaging-ktx:21.0.1] AndroidManifest.xml:31:17-82
98            <meta-data
98-->[com.google.firebase:firebase-common-ktx:19.5.0] AndroidManifest.xml:15:13-17:85
99                android:name="com.google.firebase.components:com.google.firebase.ktx.FirebaseCommonKtxRegistrar"
99-->[com.google.firebase:firebase-common-ktx:19.5.0] AndroidManifest.xml:16:17-113
100                android:value="com.google.firebase.components.ComponentRegistrar" />
100-->[com.google.firebase:firebase-common-ktx:19.5.0] AndroidManifest.xml:17:17-82
101            <meta-data
101-->[com.google.firebase:firebase-messaging:21.0.1] AndroidManifest.xml:39:13-41:85
102                android:name="com.google.firebase.components:com.google.firebase.messaging.FirebaseMessagingRegistrar"
102-->[com.google.firebase:firebase-messaging:21.0.1] AndroidManifest.xml:40:17-119
103                android:value="com.google.firebase.components.ComponentRegistrar" />
103-->[com.google.firebase:firebase-messaging:21.0.1] AndroidManifest.xml:41:17-82
104            <meta-data
104-->[com.google.firebase:firebase-datatransport:17.0.10] AndroidManifest.xml:28:13-30:85
105                android:name="com.google.firebase.components:com.google.firebase.datatransport.TransportRegistrar"
105-->[com.google.firebase:firebase-datatransport:17.0.10] AndroidManifest.xml:29:17-115
106                android:value="com.google.firebase.components.ComponentRegistrar" />
106-->[com.google.firebase:firebase-datatransport:17.0.10] AndroidManifest.xml:30:17-82
107            <meta-data
107-->[com.google.firebase:firebase-auth:20.0.3] AndroidManifest.xml:77:13-79:85
108                android:name="com.google.firebase.components:com.google.firebase.auth.FirebaseAuthRegistrar"
108-->[com.google.firebase:firebase-auth:20.0.3] AndroidManifest.xml:78:17-109
109                android:value="com.google.firebase.components.ComponentRegistrar" />
109-->[com.google.firebase:firebase-auth:20.0.3] AndroidManifest.xml:79:17-82
110            <meta-data
110-->[com.google.firebase:firebase-iid:21.0.1] AndroidManifest.xml:32:13-34:85
111                android:name="com.google.firebase.components:com.google.firebase.iid.Registrar"
111-->[com.google.firebase:firebase-iid:21.0.1] AndroidManifest.xml:33:17-96
112                android:value="com.google.firebase.components.ComponentRegistrar" />
112-->[com.google.firebase:firebase-iid:21.0.1] AndroidManifest.xml:34:17-82
113            <meta-data
113-->[com.google.firebase:firebase-firestore:22.1.1] AndroidManifest.xml:20:13-22:85
114                android:name="com.google.firebase.components:com.google.firebase.firestore.FirestoreRegistrar"
114-->[com.google.firebase:firebase-firestore:22.1.1] AndroidManifest.xml:21:17-111
115                android:value="com.google.firebase.components.ComponentRegistrar" />
115-->[com.google.firebase:firebase-firestore:22.1.1] AndroidManifest.xml:22:17-82
116            <meta-data
116-->[com.google.android.gms:play-services-measurement-api:18.0.2] AndroidManifest.xml:30:13-32:85
117                android:name="com.google.firebase.components:com.google.firebase.analytics.connector.internal.AnalyticsConnectorRegistrar"
117-->[com.google.android.gms:play-services-measurement-api:18.0.2] AndroidManifest.xml:31:17-139
118                android:value="com.google.firebase.components.ComponentRegistrar" />
118-->[com.google.android.gms:play-services-measurement-api:18.0.2] AndroidManifest.xml:32:17-82
119            <meta-data
119-->[com.google.firebase:firebase-installations:16.3.5] AndroidManifest.xml:18:13-20:85
120                android:name="com.google.firebase.components:com.google.firebase.installations.FirebaseInstallationsRegistrar"
120-->[com.google.firebase:firebase-installations:16.3.5] AndroidManifest.xml:19:17-127
121                android:value="com.google.firebase.components.ComponentRegistrar" />
121-->[com.google.firebase:firebase-installations:16.3.5] AndroidManifest.xml:20:17-82
122            <!--
123                This registrar is not defined in the dynamic-module-support sdk itself to allow non-firebase
124                clients to use it as well, by defining this registrar in their own core/common library.
125            -->
126            <meta-data
126-->[com.google.firebase:firebase-common:19.5.0] AndroidManifest.xml:43:13-45:85
127                android:name="com.google.firebase.components:com.google.firebase.dynamicloading.DynamicLoadingRegistrar"
127-->[com.google.firebase:firebase-common:19.5.0] AndroidManifest.xml:44:17-121
128                android:value="com.google.firebase.components.ComponentRegistrar" />
128-->[com.google.firebase:firebase-common:19.5.0] AndroidManifest.xml:45:17-82
129        </service>
130
131        <provider
131-->[androidx.work:work-runtime:2.5.0] AndroidManifest.xml:31:9-37:35
132            android:name="androidx.work.impl.WorkManagerInitializer"
132-->[androidx.work:work-runtime:2.5.0] AndroidManifest.xml:32:13-69
133            android:authorities="com.example.peopleprotector.workmanager-init"
133-->[androidx.work:work-runtime:2.5.0] AndroidManifest.xml:33:13-68
134            android:directBootAware="false"
134-->[androidx.work:work-runtime:2.5.0] AndroidManifest.xml:34:13-44
135            android:exported="false"
135-->[androidx.work:work-runtime:2.5.0] AndroidManifest.xml:35:13-37
136            android:multiprocess="true" />
136-->[androidx.work:work-runtime:2.5.0] AndroidManifest.xml:36:13-40
137
138        <service
138-->[androidx.work:work-runtime:2.5.0] AndroidManifest.xml:39:9-44:35
139            android:name="androidx.work.impl.background.systemalarm.SystemAlarmService"
139-->[androidx.work:work-runtime:2.5.0] AndroidManifest.xml:40:13-88
140            android:directBootAware="false"
140-->[androidx.work:work-runtime:2.5.0] AndroidManifest.xml:41:13-44
141            android:enabled="@bool/enable_system_alarm_service_default"
141-->[androidx.work:work-runtime:2.5.0] AndroidManifest.xml:42:13-72
142            android:exported="false" />
142-->[androidx.work:work-runtime:2.5.0] AndroidManifest.xml:43:13-37
143        <service
143-->[androidx.work:work-runtime:2.5.0] AndroidManifest.xml:45:9-51:35
144            android:name="androidx.work.impl.background.systemjob.SystemJobService"
144-->[androidx.work:work-runtime:2.5.0] AndroidManifest.xml:46:13-84
145            android:directBootAware="false"
145-->[androidx.work:work-runtime:2.5.0] AndroidManifest.xml:47:13-44
146            android:enabled="@bool/enable_system_job_service_default"
146-->[androidx.work:work-runtime:2.5.0] AndroidManifest.xml:48:13-70
147            android:exported="true"
147-->[androidx.work:work-runtime:2.5.0] AndroidManifest.xml:49:13-36
148            android:permission="android.permission.BIND_JOB_SERVICE" />
148-->[androidx.work:work-runtime:2.5.0] AndroidManifest.xml:50:13-69
149        <service
149-->[androidx.work:work-runtime:2.5.0] AndroidManifest.xml:52:9-57:35
150            android:name="androidx.work.impl.foreground.SystemForegroundService"
150-->[androidx.work:work-runtime:2.5.0] AndroidManifest.xml:53:13-81
151            android:directBootAware="false"
151-->[androidx.work:work-runtime:2.5.0] AndroidManifest.xml:54:13-44
152            android:enabled="@bool/enable_system_foreground_service_default"
152-->[androidx.work:work-runtime:2.5.0] AndroidManifest.xml:55:13-77
153            android:exported="false" />
153-->[androidx.work:work-runtime:2.5.0] AndroidManifest.xml:56:13-37
154
155        <receiver
155-->[androidx.work:work-runtime:2.5.0] AndroidManifest.xml:59:9-64:35
156            android:name="androidx.work.impl.utils.ForceStopRunnable$BroadcastReceiver"
156-->[androidx.work:work-runtime:2.5.0] AndroidManifest.xml:60:13-88
157            android:directBootAware="false"
157-->[androidx.work:work-runtime:2.5.0] AndroidManifest.xml:61:13-44
158            android:enabled="true"
158-->[androidx.work:work-runtime:2.5.0] AndroidManifest.xml:62:13-35
159            android:exported="false" />
159-->[androidx.work:work-runtime:2.5.0] AndroidManifest.xml:63:13-37
160        <receiver
160-->[androidx.work:work-runtime:2.5.0] AndroidManifest.xml:65:9-75:20
161            android:name="androidx.work.impl.background.systemalarm.ConstraintProxy$BatteryChargingProxy"
161-->[androidx.work:work-runtime:2.5.0] AndroidManifest.xml:66:13-106
162            android:directBootAware="false"
162-->[androidx.work:work-runtime:2.5.0] AndroidManifest.xml:67:13-44
163            android:enabled="false"
163-->[androidx.work:work-runtime:2.5.0] AndroidManifest.xml:68:13-36
164            android:exported="false" >
164-->[androidx.work:work-runtime:2.5.0] AndroidManifest.xml:69:13-37
165            <intent-filter>
165-->[androidx.work:work-runtime:2.5.0] AndroidManifest.xml:71:13-74:29
166                <action android:name="android.intent.action.ACTION_POWER_CONNECTED" />
166-->[androidx.work:work-runtime:2.5.0] AndroidManifest.xml:72:17-87
166-->[androidx.work:work-runtime:2.5.0] AndroidManifest.xml:72:25-84
167                <action android:name="android.intent.action.ACTION_POWER_DISCONNECTED" />
167-->[androidx.work:work-runtime:2.5.0] AndroidManifest.xml:73:17-90
167-->[androidx.work:work-runtime:2.5.0] AndroidManifest.xml:73:25-87
168            </intent-filter>
169        </receiver>
170        <receiver
170-->[androidx.work:work-runtime:2.5.0] AndroidManifest.xml:76:9-86:20
171            android:name="androidx.work.impl.background.systemalarm.ConstraintProxy$BatteryNotLowProxy"
171-->[androidx.work:work-runtime:2.5.0] AndroidManifest.xml:77:13-104
172            android:directBootAware="false"
172-->[androidx.work:work-runtime:2.5.0] AndroidManifest.xml:78:13-44
173            android:enabled="false"
173-->[androidx.work:work-runtime:2.5.0] AndroidManifest.xml:79:13-36
174            android:exported="false" >
174-->[androidx.work:work-runtime:2.5.0] AndroidManifest.xml:80:13-37
175            <intent-filter>
175-->[androidx.work:work-runtime:2.5.0] AndroidManifest.xml:82:13-85:29
176                <action android:name="android.intent.action.BATTERY_OKAY" />
176-->[androidx.work:work-runtime:2.5.0] AndroidManifest.xml:83:17-77
176-->[androidx.work:work-runtime:2.5.0] AndroidManifest.xml:83:25-74
177                <action android:name="android.intent.action.BATTERY_LOW" />
177-->[androidx.work:work-runtime:2.5.0] AndroidManifest.xml:84:17-76
177-->[androidx.work:work-runtime:2.5.0] AndroidManifest.xml:84:25-73
178            </intent-filter>
179        </receiver>
180        <receiver
180-->[androidx.work:work-runtime:2.5.0] AndroidManifest.xml:87:9-97:20
181            android:name="androidx.work.impl.background.systemalarm.ConstraintProxy$StorageNotLowProxy"
181-->[androidx.work:work-runtime:2.5.0] AndroidManifest.xml:88:13-104
182            android:directBootAware="false"
182-->[androidx.work:work-runtime:2.5.0] AndroidManifest.xml:89:13-44
183            android:enabled="false"
183-->[androidx.work:work-runtime:2.5.0] AndroidManifest.xml:90:13-36
184            android:exported="false" >
184-->[androidx.work:work-runtime:2.5.0] AndroidManifest.xml:91:13-37
185            <intent-filter>
185-->[androidx.work:work-runtime:2.5.0] AndroidManifest.xml:93:13-96:29
186                <action android:name="android.intent.action.DEVICE_STORAGE_LOW" />
186-->[androidx.work:work-runtime:2.5.0] AndroidManifest.xml:94:17-83
186-->[androidx.work:work-runtime:2.5.0] AndroidManifest.xml:94:25-80
187                <action android:name="android.intent.action.DEVICE_STORAGE_OK" />
187-->[androidx.work:work-runtime:2.5.0] AndroidManifest.xml:95:17-82
187-->[androidx.work:work-runtime:2.5.0] AndroidManifest.xml:95:25-79
188            </intent-filter>
189        </receiver>
190        <receiver
190-->[androidx.work:work-runtime:2.5.0] AndroidManifest.xml:98:9-107:20
191            android:name="androidx.work.impl.background.systemalarm.ConstraintProxy$NetworkStateProxy"
191-->[androidx.work:work-runtime:2.5.0] AndroidManifest.xml:99:13-103
192            android:directBootAware="false"
192-->[androidx.work:work-runtime:2.5.0] AndroidManifest.xml:100:13-44
193            android:enabled="false"
193-->[androidx.work:work-runtime:2.5.0] AndroidManifest.xml:101:13-36
194            android:exported="false" >
194-->[androidx.work:work-runtime:2.5.0] AndroidManifest.xml:102:13-37
195            <intent-filter>
195-->[androidx.work:work-runtime:2.5.0] AndroidManifest.xml:104:13-106:29
196                <action android:name="android.net.conn.CONNECTIVITY_CHANGE" />
196-->[androidx.work:work-runtime:2.5.0] AndroidManifest.xml:105:17-79
196-->[androidx.work:work-runtime:2.5.0] AndroidManifest.xml:105:25-76
197            </intent-filter>
198        </receiver>
199        <receiver
199-->[androidx.work:work-runtime:2.5.0] AndroidManifest.xml:108:9-119:20
200            android:name="androidx.work.impl.background.systemalarm.RescheduleReceiver"
200-->[androidx.work:work-runtime:2.5.0] AndroidManifest.xml:109:13-88
201            android:directBootAware="false"
201-->[androidx.work:work-runtime:2.5.0] AndroidManifest.xml:110:13-44
202            android:enabled="false"
202-->[androidx.work:work-runtime:2.5.0] AndroidManifest.xml:111:13-36
203            android:exported="false" >
203-->[androidx.work:work-runtime:2.5.0] AndroidManifest.xml:112:13-37
204            <intent-filter>
204-->[androidx.work:work-runtime:2.5.0] AndroidManifest.xml:114:13-118:29
205                <action android:name="android.intent.action.BOOT_COMPLETED" />
205-->[androidx.work:work-runtime:2.5.0] AndroidManifest.xml:115:17-79
205-->[androidx.work:work-runtime:2.5.0] AndroidManifest.xml:115:25-76
206                <action android:name="android.intent.action.TIME_SET" />
206-->[androidx.work:work-runtime:2.5.0] AndroidManifest.xml:116:17-73
206-->[androidx.work:work-runtime:2.5.0] AndroidManifest.xml:116:25-70
207                <action android:name="android.intent.action.TIMEZONE_CHANGED" />
207-->[androidx.work:work-runtime:2.5.0] AndroidManifest.xml:117:17-81
207-->[androidx.work:work-runtime:2.5.0] AndroidManifest.xml:117:25-78
208            </intent-filter>
209        </receiver>
210        <receiver
210-->[androidx.work:work-runtime:2.5.0] AndroidManifest.xml:120:9-129:20
211            android:name="androidx.work.impl.background.systemalarm.ConstraintProxyUpdateReceiver"
211-->[androidx.work:work-runtime:2.5.0] AndroidManifest.xml:121:13-99
212            android:directBootAware="false"
212-->[androidx.work:work-runtime:2.5.0] AndroidManifest.xml:122:13-44
213            android:enabled="@bool/enable_system_alarm_service_default"
213-->[androidx.work:work-runtime:2.5.0] AndroidManifest.xml:123:13-72
214            android:exported="false" >
214-->[androidx.work:work-runtime:2.5.0] AndroidManifest.xml:124:13-37
215            <intent-filter>
215-->[androidx.work:work-runtime:2.5.0] AndroidManifest.xml:126:13-128:29
216                <action android:name="androidx.work.impl.background.systemalarm.UpdateProxies" />
216-->[androidx.work:work-runtime:2.5.0] AndroidManifest.xml:127:17-98
216-->[androidx.work:work-runtime:2.5.0] AndroidManifest.xml:127:25-95
217            </intent-filter>
218        </receiver>
219        <receiver
219-->[androidx.work:work-runtime:2.5.0] AndroidManifest.xml:130:9-140:20
220            android:name="androidx.work.impl.diagnostics.DiagnosticsReceiver"
220-->[androidx.work:work-runtime:2.5.0] AndroidManifest.xml:131:13-78
221            android:directBootAware="false"
221-->[androidx.work:work-runtime:2.5.0] AndroidManifest.xml:132:13-44
222            android:enabled="true"
222-->[androidx.work:work-runtime:2.5.0] AndroidManifest.xml:133:13-35
223            android:exported="true"
223-->[androidx.work:work-runtime:2.5.0] AndroidManifest.xml:134:13-36
224            android:permission="android.permission.DUMP" >
224-->[androidx.work:work-runtime:2.5.0] AndroidManifest.xml:135:13-57
225            <intent-filter>
225-->[androidx.work:work-runtime:2.5.0] AndroidManifest.xml:137:13-139:29
226                <action android:name="androidx.work.diagnostics.REQUEST_DIAGNOSTICS" />
226-->[androidx.work:work-runtime:2.5.0] AndroidManifest.xml:138:17-88
226-->[androidx.work:work-runtime:2.5.0] AndroidManifest.xml:138:25-85
227            </intent-filter>
228        </receiver>
229        <!--
230             FirebaseMessagingService performs security checks at runtime,
231             but set to not exported to explicitly avoid allowing another app to call it.
232        -->
233        <service
233-->[com.google.firebase:firebase-messaging:21.0.1] AndroidManifest.xml:28:9-35:19
234            android:name="com.google.firebase.messaging.FirebaseMessagingService"
234-->[com.google.firebase:firebase-messaging:21.0.1] AndroidManifest.xml:29:13-82
235            android:directBootAware="true"
235-->[com.google.firebase:firebase-messaging:21.0.1] AndroidManifest.xml:30:13-43
236            android:exported="false" >
236-->[com.google.firebase:firebase-messaging:21.0.1] AndroidManifest.xml:31:13-37
237            <intent-filter android:priority="-500" >
237-->src/main/AndroidManifest.xml:41:13-43:29
238                <action android:name="com.google.firebase.MESSAGING_EVENT" />
238-->src/main/AndroidManifest.xml:42:17-78
238-->src/main/AndroidManifest.xml:42:25-75
239            </intent-filter>
240        </service>
241        <service
241-->[com.google.android.datatransport:transport-backend-cct:2.3.3] AndroidManifest.xml:29:9-35:19
242            android:name="com.google.android.datatransport.runtime.backends.TransportBackendDiscovery"
242-->[com.google.android.datatransport:transport-backend-cct:2.3.3] AndroidManifest.xml:30:13-103
243            android:exported="false" >
243-->[com.google.android.datatransport:transport-backend-cct:2.3.3] AndroidManifest.xml:31:13-37
244            <meta-data
244-->[com.google.android.datatransport:transport-backend-cct:2.3.3] AndroidManifest.xml:32:13-34:39
245                android:name="backend:com.google.android.datatransport.cct.CctBackendFactory"
245-->[com.google.android.datatransport:transport-backend-cct:2.3.3] AndroidManifest.xml:33:17-94
246                android:value="cct" />
246-->[com.google.android.datatransport:transport-backend-cct:2.3.3] AndroidManifest.xml:34:17-36
247        </service>
248
249        <activity
249-->[com.google.firebase:firebase-auth:20.0.3] AndroidManifest.xml:27:9-44:20
250            android:name="com.google.firebase.auth.internal.GenericIdpActivity"
250-->[com.google.firebase:firebase-auth:20.0.3] AndroidManifest.xml:28:13-80
251            android:excludeFromRecents="true"
251-->[com.google.firebase:firebase-auth:20.0.3] AndroidManifest.xml:29:13-46
252            android:exported="true"
252-->[com.google.firebase:firebase-auth:20.0.3] AndroidManifest.xml:30:13-36
253            android:launchMode="singleTask"
253-->[com.google.firebase:firebase-auth:20.0.3] AndroidManifest.xml:31:13-44
254            android:theme="@android:style/Theme.Translucent.NoTitleBar" >
254-->[com.google.firebase:firebase-auth:20.0.3] AndroidManifest.xml:32:13-72
255            <intent-filter>
255-->[com.google.firebase:firebase-auth:20.0.3] AndroidManifest.xml:33:13-43:29
256                <action android:name="android.intent.action.VIEW" />
256-->[com.google.firebase:firebase-auth:20.0.3] AndroidManifest.xml:34:17-69
256-->[com.google.firebase:firebase-auth:20.0.3] AndroidManifest.xml:34:25-66
257
258                <category android:name="android.intent.category.DEFAULT" />
258-->[com.google.firebase:firebase-auth:20.0.3] AndroidManifest.xml:36:17-76
258-->[com.google.firebase:firebase-auth:20.0.3] AndroidManifest.xml:36:27-73
259                <category android:name="android.intent.category.BROWSABLE" />